SelfCamera/Application/build/outputs/logs/manifest-merger-debug-report.txt
-- Merging decision tree log ---
manifest
ADDED from src\main\AndroidManifest.xml:2:1-43:12
INJECTED from src\main\AndroidManifest.xml:2:1-43:12
INJECTED from src\main\AndroidManifest.xml:2:1-43:12
INJECTED from src\main\AndroidManifest.xml:2:1-43:12
MERGED from [:picker] AndroidManifest.xml:2:1-50:12
MERGED from [com.android.support:appcompat-v7:27.1.0] AndroidManifest.xml:17:1-22:12
MERGED from [com.android.support:support-v13:27.1.0] AndroidManifest.xml:17:1-22:12
MERGED from [com.android.support:support-v4:27.1.0] AndroidManifest.xml:17:1-22:12
MERGED from [com.android.support:support-fragment:27.1.0] AndroidManifest.xml:17:1-22:12
MERGED from [com.android.support:animated-vector-drawable:27.1.0] AndroidManifest.xml:17:1-22:12
MERGED from [io.github.ypdieguez:cursor-recycler-adapter:1.0.0] AndroidManifest.xml:17:1-23:12
MERGED from [com.android.support:recyclerview-v7:27.1.0] AndroidManifest.xml:17:1-22:12
MERGED from [com.android.support:support-core-ui:27.1.0] AndroidManifest.xml:17:1-22:12
MERGED from [com.android.support:support-core-utils:27.1.0] AndroidManifest.xml:17:1-22:12
MERGED from [com.android.support:support-vector-drawable:27.1.0] AndroidManifest.xml:17:1-22:12
MERGED from [com.android.support:cardview-v7:27.1.0] AndroidManifest.xml:17:1-22:12
MERGED from [com.android.support:exifinterface:27.1.0] AndroidManifest.xml:17:1-22:12
MERGED from [com.android.support:support-media-compat:27.1.0] AndroidManifest.xml:17:1-22:12
MERGED from [com.android.support:support-compat:27.1.0] AndroidManifest.xml:17:1-22:12
MERGED from [com.android.support.constraint:constraint-layout:1.0.2] AndroidManifest.xml:2:1-11:12
MERGED from [android.arch.lifecycle:livedata-core:1.1.0] AndroidManifest.xml:17:1-22:12
MERGED from [android.arch.lifecycle:viewmodel:1.1.0] AndroidManifest.xml:17:1-22:12
MERGED from [android.arch.lifecycle:runtime:1.1.0] AndroidManifest.xml:17:1-22:12
MERGED from [android.arch.core:runtime:1.1.0] AndroidManifest.xml:17:1-22:12
INJECTED from src\main\AndroidManifest.xml:2:1-43:12
INJECTED from src\main\AndroidManifest.xml:2:1-43:12
INJECTED from src\main\AndroidManifest.xml:2:1-43:12
	package
		ADDED from src\main\AndroidManifest.xml:3:5-34
		INJECTED from src\main\AndroidManifest.xml
		INJECTED from src\main\AndroidManifest.xml
	android:versionName
		INJECTED from src\main\AndroidManifest.xml
		ADDED from src\main\AndroidManifest.xml:2:1-43:12
		INJECTED from src\main\AndroidManifest.xml
	android:versionCode
		INJECTED from src\main\AndroidManifest.xml
		ADDED from src\main\AndroidManifest.xml:2:1-43:12
		INJECTED from src\main\AndroidManifest.xml
	xmlns:android
		ADDED from src\main\AndroidManifest.xml:2:11-69
uses-permission#android.permission.MODIFY_AUDIO_SETTINGS
ADDED from src\main\AndroidManifest.xml:5:5-80
MERGED from [:picker] AndroidManifest.xml:13:5-80
MERGED from [:picker] AndroidManifest.xml:13:5-80
	android:name
		ADDED from src\main\AndroidManifest.xml:5:22-77
uses-permission#android.permission.RECORD_AUDIO
ADDED from src\main\AndroidManifest.xml:6:5-71
MERGED from [:picker] AndroidManifest.xml:14:5-71
MERGED from [:picker] AndroidManifest.xml:14:5-71
	android:name
		ADDED from src\main\AndroidManifest.xml:6:22-68
uses-permission#android.permission.CAMERA
ADDED from src\main\AndroidManifest.xml:7:5-65
MERGED from [:picker] AndroidManifest.xml:15:5-65
MERGED from [:picker] AndroidManifest.xml:15:5-65
	android:name
		ADDED from src\main\AndroidManifest.xml:7:22-62
uses-permission#android.permission.READ_EXTERNAL_STORAGE
ADDED from src\main\AndroidManifest.xml:9:5-80
MERGED from [:picker] AndroidManifest.xml:16:5-80
MERGED from [:picker] AndroidManifest.xml:16:5-80
	android:name
		ADDED from src\main\AndroidManifest.xml:9:22-77
uses-permission#android.permission.WRITE_EXTERNAL_STORAGE
ADDED from src\main\AndroidManifest.xml:10:5-81
MERGED from [:picker] AndroidManifest.xml:17:5-81
MERGED from [:picker] AndroidManifest.xml:17:5-81
	android:name
		ADDED from src\main\AndroidManifest.xml:10:22-78
uses-feature#0x00020000
ADDED from src\main\AndroidManifest.xml:12:5-14:35
MERGED from [:picker] AndroidManifest.xml:19:5-21:35
MERGED from [:picker] AndroidManifest.xml:19:5-21:35
	android:glEsVersion
		ADDED from src\main\AndroidManifest.xml:13:9-41
	android:required
		ADDED from src\main\AndroidManifest.xml:14:9-32
uses-feature#android.hardware.camera
ADDED from src\main\AndroidManifest.xml:16:5-60
MERGED from [:picker] AndroidManifest.xml:22:5-60
MERGED from [:picker] AndroidManifest.xml:22:5-60
	android:name
		ADDED from src\main\AndroidManifest.xml:16:19-57
uses-feature#android.hardware.camera.autofocus
ADDED from src\main\AndroidManifest.xml:17:5-19:36
MERGED from [:picker] AndroidManifest.xml:23:5-25:36
MERGED from [:picker] AndroidManifest.xml:23:5-25:36
	android:required
		ADDED from src\main\AndroidManifest.xml:19:9-33
	android:name
		ADDED from src\main\AndroidManifest.xml:18:9-57
uses-feature#android.hardware.camera.flash
ADDED from src\main\AndroidManifest.xml:20:5-22:36
MERGED from [:picker] AndroidManifest.xml:26:5-28:36
MERGED from [:picker] AndroidManifest.xml:26:5-28:36
	android:required
		ADDED from src\main\AndroidManifest.xml:22:9-33
	android:name
		ADDED from src\main\AndroidManifest.xml:21:9-53
uses-feature#android.hardware.camera.front
ADDED from src\main\AndroidManifest.xml:23:5-25:36
MERGED from [:picker] AndroidManifest.xml:29:5-31:36
MERGED from [:picker] AndroidManifest.xml:29:5-31:36
	android:required
		ADDED from src\main\AndroidManifest.xml:25:9-33
	android:name
		ADDED from src\main\AndroidManifest.xml:24:9-53
application
ADDED from src\main\AndroidManifest.xml:27:5-42:19
MERGED from [:picker] AndroidManifest.xml:33:5-48:19
MERGED from [:picker] AndroidManifest.xml:33:5-48:19
MERGED from [com.android.support.constraint:constraint-layout:1.0.2] AndroidManifest.xml:9:5-20
MERGED from [com.android.support.constraint:constraint-layout:1.0.2] AndroidManifest.xml:9:5-20
	android:label
		ADDED from src\main\AndroidManifest.xml:31:9-41
	android:icon
		ADDED from src\main\AndroidManifest.xml:30:9-45
	android:allowBackup
		ADDED from src\main\AndroidManifest.xml:29:9-35
	android:theme
		ADDED from src\main\AndroidManifest.xml:32:9-47
	android:name
		ADDED from src\main\AndroidManifest.xml:28:9-32
activity#com.example.android.DemoActivity
ADDED from src\main\AndroidManifest.xml:34:9-41:20
	android:windowSoftInputMode
		ADDED from src\main\AndroidManifest.xml:36:13-60
	android:name
		ADDED from src\main\AndroidManifest.xml:35:13-60
intent-filter#action:name:android.intent.action.MAIN+category:name:android.intent.category.LAUNCHER
ADDED from src\main\AndroidManifest.xml:37:13-40:29
action#android.intent.action.MAIN
ADDED from src\main\AndroidManifest.xml:38:17-69
	android:name
		ADDED from src\main\AndroidManifest.xml:38:25-66
category#android.intent.category.LAUNCHER
ADDED from src\main\AndroidManifest.xml:39:17-77
	android:name
		ADDED from src\main\AndroidManifest.xml:39:27-74
uses-sdk
INJECTED from src\main\AndroidManifest.xml reason: use-sdk injection requested
INJECTED from src\main\AndroidManifest.xml
INJECTED from src\main\AndroidManifest.xml
MERGED from [:picker] AndroidManifest.xml:8:5-11:42
MERGED from [:picker] AndroidManifest.xml:8:5-11:42
MERGED from [com.android.support:appcompat-v7:27.1.0] AndroidManifest.xml:20:5-44
MERGED from [com.android.support:appcompat-v7:27.1.0] AndroidManifest.xml:20:5-44
MERGED from [com.android.support:support-v13:27.1.0] AndroidManifest.xml:20:5-44
MERGED from [com.android.support:support-v13:27.1.0] AndroidManifest.xml:20:5-44
MERGED from [com.android.support:support-v4:27.1.0] AndroidManifest.xml:20:5-44
MERGED from [com.android.support:support-v4:27.1.0] AndroidManifest.xml:20:5-44
MERGED from [com.android.support:support-fragment:27.1.0] AndroidManifest.xml:20:5-44
MERGED from [com.android.support:support-fragment:27.1.0] AndroidManifest.xml:20:5-44
MERGED from [com.android.support:animated-vector-drawable:27.1.0] AndroidManifest.xml:20:5-44
MERGED from [com.android.support:animated-vector-drawable:27.1.0] AndroidManifest.xml:20:5-44
MERGED from [io.github.ypdieguez:cursor-recycler-adapter:1.0.0] AndroidManifest.xml:21:5-43
MERGED from [io.github.ypdieguez:cursor-recycler-adapter:1.0.0] AndroidManifest.xml:21:5-43
MERGED from [com.android.support:recyclerview-v7:27.1.0] AndroidManifest.xml:20:5-44
MERGED from [com.android.support:recyclerview-v7:27.1.0] AndroidManifest.xml:20:5-44
MERGED from [com.android.support:support-core-ui:27.1.0] AndroidManifest.xml:20:5-44
MERGED from [com.android.support:support-core-ui:27.1.0] AndroidManifest.xml:20:5-44
MERGED from [com.android.support:support-core-utils:27.1.0] AndroidManifest.xml:20:5-44
MERGED from [com.android.support:support-core-utils:27.1.0] AndroidManifest.xml:20:5-44
MERGED from [com.android.support:support-vector-drawable:27.1.0] AndroidManifest.xml:20:5-44
MERGED from [com.android.support:support-vector-drawable:27.1.0] AndroidManifest.xml:20:5-44
MERGED from [com.android.support:cardview-v7:27.1.0] AndroidManifest.xml:20:5-44
MERGED from [com.android.support:cardview-v7:27.1.0] AndroidManifest.xml:20:5-44
MERGED from [com.android.support:exifinterface:27.1.0] AndroidManifest.xml:20:5-44
MERGED from [com.android.support:exifinterface:27.1.0] AndroidManifest.xml:20:5-44
MERGED from [com.android.support:support-media-compat:27.1.0] AndroidManifest.xml:20:5-44
MERGED from [com.android.support:support-media-compat:27.1.0] AndroidManifest.xml:20:5-44
MERGED from [com.android.support:support-compat:27.1.0] AndroidManifest.xml:20:5-44
MERGED from [com.android.support:support-compat:27.1.0] AndroidManifest.xml:20:5-44
MERGED from [com.android.support.constraint:constraint-layout:1.0.2] AndroidManifest.xml:5:5-7:41
MERGED from [com.android.support.constraint:constraint-layout:1.0.2] AndroidManifest.xml:5:5-7:41
MERGED from [android.arch.lifecycle:livedata-core:1.1.0] AndroidManifest.xml:20:5-44
MERGED from [android.arch.lifecycle:livedata-core:1.1.0] AndroidManifest.xml:20:5-44
MERGED from [android.arch.lifecycle:viewmodel:1.1.0] AndroidManifest.xml:20:5-44
MERGED from [android.arch.lifecycle:viewmodel:1.1.0] AndroidManifest.xml:20:5-44
MERGED from [android.arch.lifecycle:runtime:1.1.0] AndroidManifest.xml:20:5-44
MERGED from [android.arch.lifecycle:runtime:1.1.0] AndroidManifest.xml:20:5-44
MERGED from [android.arch.core:runtime:1.1.0] AndroidManifest.xml:20:5-44
MERGED from [android.arch.core:runtime:1.1.0] AndroidManifest.xml:20:5-44
INJECTED from src\main\AndroidManifest.xml
INJECTED from src\main\AndroidManifest.xml
	android:targetSdkVersion
		INJECTED from src\main\AndroidManifest.xml
		ADDED from src\main\AndroidManifest.xml
		INJECTED from src\main\AndroidManifest.xml
	tools:ignore
		ADDED from [:picker] AndroidManifest.xml:11:9-39
	android:minSdkVersion
		INJECTED from src\main\AndroidManifest.xml
		ADDED from src\main\AndroidManifest.xml
		INJECTED from src\main\AndroidManifest.xml
activity#com.example.android.camera2basic.picker.PickerActivity
ADDED from [:picker] AndroidManifest.xml:34:9-43:20
	android:windowSoftInputMode
		ADDED from [:picker] AndroidManifest.xml:37:13-60
	android:exported
		ADDED from [:picker] AndroidManifest.xml:36:13-36
	android:name
		ADDED from [:picker] AndroidManifest.xml:35:13-82
activity#com.example.android.camera2basic.permission.PermissionActivity
ADDED from [:picker] AndroidManifest.xml:44:9-47:63
	android:windowSoftInputMode
		ADDED from [:picker] AndroidManifest.xml:47:13-60
	android:theme
		ADDED from [:picker] AndroidManifest.xml:46:13-51
	android:name
		ADDED from [:picker] AndroidManifest.xml:45:13-90